Compiled jquery.js  (14ms)  (pid 7376)
Compiled jquery_ujs.js  (8ms)  (pid 7376)
Compiled guides.js  (1049ms)  (pid 7376)
Compiled locations.js  (227ms)  (pid 7376)
Compiled sessions.js  (208ms)  (pid 7376)
Compiled application.js  (1691ms)  (pid 7376)
Compiled guides.css  (67ms)  (pid 7376)
Compiled locations.css  (6ms)  (pid 7376)
Compiled scaffolds.css  (23ms)  (pid 7376)
Compiled sessions.css  (6ms)  (pid 7376)
Compiled application.css  (216ms)  (pid 7376)
Compiled jquery.js  (13ms)  (pid 4916)
Compiled jquery_ujs.js  (8ms)  (pid 4916)
Compiled guides.js  (528ms)  (pid 4916)
Compiled locations.js  (232ms)  (pid 4916)
Compiled sessions.js  (259ms)  (pid 4916)
Compiled application.js  (1443ms)  (pid 4916)
Compiled guides.css  (67ms)  (pid 4916)
Compiled locations.css  (6ms)  (pid 4916)
Compiled scaffolds.css  (24ms)  (pid 4916)
Compiled sessions.css  (6ms)  (pid 4916)
Compiled application.css  (239ms)  (pid 4916)
Compiled application.js  (0ms)  (pid 1120)
Compiled application.css  (0ms)  (pid 1120)
Compiled application.js  (0ms)  (pid 1132)
Compiled application.css  (0ms)  (pid 1132)
Compiled application.js  (0ms)  (pid 1194)
Compiled application.css  (0ms)  (pid 1194)
Compiled application.js  (0ms)  (pid 1214)
Compiled application.css  (0ms)  (pid 1214)
Compiled application.js  (0ms)  (pid 1278)
Compiled application.css  (0ms)  (pid 1278)
Compiled application.js  (0ms)  (pid 1297)
Compiled application.css  (1ms)  (pid 1297)
Compiled application.js  (0ms)  (pid 1351)
Compiled application.css  (0ms)  (pid 1351)
Compiled application.js  (0ms)  (pid 1351)
Compiled application.css  (0ms)  (pid 1351)
Compiled application.js  (0ms)  (pid 1095)
Compiled application.css  (269ms)  (pid 1095)
Compiled bootstrap.css  (0ms)  (pid 1095)
Compiled application.js  (0ms)  (pid 1095)
Compiled application.css  (0ms)  (pid 1095)
Compiled bootstrap.css  (1ms)  (pid 1095)
Compiled application.js  (0ms)  (pid 1368)
Compiled thickbox.js  (56ms)  (pid 1368)
Compiled application.css  (1ms)  (pid 1368)
Compiled application.js  (0ms)  (pid 1368)
Compiled thickbox.js  (0ms)  (pid 1368)
Compiled application.css  (1ms)  (pid 1368)
